2018-12-14 16:06:16,630 [main] ERROR o.s.b.d.LoggingFailureAnalysisReporter 42 - 

***************************
APPLICATION FAILED TO START
***************************

Description:

The bean 'helloService' could not be injected as a 'com.cfygit.parent.service.helloService' because it is a JDK dynamic proxy that implements:


Action:

Consider injecting the bean as one of its interfaces or forcing the use of CGLib-based proxies by setting proxyTargetClass=true on @EnableAsync and/or @EnableCaching.

2018-12-14 16:08:02,505 [main] ERROR o.s.b.d.LoggingFailureAnalysisReporter 42 - 

***************************
APPLICATION FAILED TO START
***************************

Description:

The bean 'helloService' could not be injected as a 'com.cfygit.parent.service.helloService' because it is a JDK dynamic proxy that implements:


Action:

Consider injecting the bean as one of its interfaces or forcing the use of CGLib-based proxies by setting proxyTargetClass=true on @EnableAsync and/or @EnableCaching.

2018-12-14 16:12:50,482 [main] ERROR o.s.b.d.LoggingFailureAnalysisReporter 42 - 

***************************
APPLICATION FAILED TO START
***************************

Description:

The bean 'helloService' could not be injected as a 'com.cfygit.parent.service.helloService' because it is a JDK dynamic proxy that implements:


Action:

Consider injecting the bean as one of its interfaces or forcing the use of CGLib-based proxies by setting proxyTargetClass=true on @EnableAsync and/or @EnableCaching.

2018-12-14 16:13:07,135 [main] ERROR o.s.b.d.LoggingFailureAnalysisReporter 42 - 

***************************
APPLICATION FAILED TO START
***************************

Description:

The bean 'helloService' could not be injected as a 'com.cfygit.parent.service.helloService' because it is a JDK dynamic proxy that implements:


Action:

Consider injecting the bean as one of its interfaces or forcing the use of CGLib-based proxies by setting proxyTargetClass=true on @EnableAsync and/or @EnableCaching.

2018-12-14 16:15:28,793 [main] ERROR o.s.b.d.LoggingFailureAnalysisReporter 42 - 

***************************
APPLICATION FAILED TO START
***************************

Description:

The bean 'helloService' could not be injected as a 'com.cfygit.parent.service.helloService' because it is a JDK dynamic proxy that implements:


Action:

Consider injecting the bean as one of its interfaces or forcing the use of CGLib-based proxies by setting proxyTargetClass=true on @EnableAsync and/or @EnableCaching.

