2018-12-14 14:43:24,334 [main] INFO  com.cfygit.parent.ParentApplication 50 - Starting ParentApplication on ecitic-PC with PID 329880 (D:\wangyegithub\parent\target\classes started by ecitic in D:\wangyegithub\parent)
2018-12-14 14:43:24,395 [main] INFO  com.cfygit.parent.ParentApplication 652 - No active profile set, falling back to default profiles: default
2018-12-14 14:43:25,066 [main] INFO  o.s.b.w.s.c.AnnotationConfigServletWebServerApplicationContext 589 - Refreshing org.springframework.boot.web.servlet.context.AnnotationConfigServletWebServerApplicationContext@f2ff811: startup date [Fri Dec 14 14:43:25 CST 2018]; root of context hierarchy
2018-12-14 14:43:28,635 [main] INFO  o.s.b.w.e.tomcat.TomcatWebServer 91 - Tomcat initialized with port(s): 8111 (http)
2018-12-14 14:43:28,674 [main] INFO  o.a.coyote.http11.Http11NioProtocol 180 - Initializing ProtocolHandler ["http-nio-8111"]
2018-12-14 14:43:28,698 [main] INFO  o.a.catalina.core.StandardService 180 - Starting service [Tomcat]
2018-12-14 14:43:28,699 [main] INFO  o.a.catalina.core.StandardEngine 180 - Starting Servlet Engine: Apache Tomcat/8.5.28
2018-12-14 14:43:28,710 [localhost-startStop-1] INFO  o.a.c.core.AprLifecycleListener 180 - The APR based Apache Tomcat Native library which allows optimal performance in production environments was not found on the java.library.path: [D:\java\jdk1.8.0_92\bin;C:\Windows\Sun\Java\bin;C:\Windows\system32;C:\Windows;C:\Program Files\VanDyke Software\Clients\;D:\java\jdk1.8.0_92\bin;D:\java\jdk1.8.0_92\jre\bin;D:\Program Files\maven\apache-maven-3.3.9\bin;C:\Program Files (x86)\MySQL\MySQL Server 5.5\bin;C:\Program Files\TortoiseSVN\bin;c:\windows\system32;C:\Program Files (x86)\IDM Computer Solutions\UltraEdit;D:\Program Files\Git\cmd;D:\Program Files\maven\apache-maven-3.3.9\bin;D:\oracleclient\instantclient_12_2;C:\Windows;C:\Windows\system32\wbem;D:\erlang\erl10.0.1\bin;C:\Program Files (x86)\SSH Communications Security\SSH Secure Shell;.]
2018-12-14 14:43:28,964 [localhost-startStop-1] INFO  o.a.c.c.C.[Tomcat].[localhost].[/] 180 - Initializing Spring embedded WebApplicationContext
2018-12-14 14:43:28,965 [localhost-startStop-1] INFO  o.s.web.context.ContextLoader 285 - Root WebApplicationContext: initialization completed in 3899 ms
2018-12-14 14:43:29,291 [localhost-startStop-1] INFO  o.s.b.w.s.ServletRegistrationBean 185 - Servlet dispatcherServlet mapped to [/]
2018-12-14 14:43:29,293 [localhost-startStop-1] INFO  o.s.b.w.s.ServletRegistrationBean 185 - Servlet statViewServlet mapped to [/druid/*]
2018-12-14 14:43:29,298 [localhost-startStop-1] INFO  o.s.b.w.s.FilterRegistrationBean 243 - Mapping filter: 'characterEncodingFilter' to: [/*]
2018-12-14 14:43:29,299 [localhost-startStop-1] INFO  o.s.b.w.s.FilterRegistrationBean 243 - Mapping filter: 'hiddenHttpMethodFilter' to: [/*]
2018-12-14 14:43:29,299 [localhost-startStop-1] INFO  o.s.b.w.s.FilterRegistrationBean 243 - Mapping filter: 'httpPutFormContentFilter' to: [/*]
2018-12-14 14:43:29,299 [localhost-startStop-1] INFO  o.s.b.w.s.FilterRegistrationBean 243 - Mapping filter: 'requestContextFilter' to: [/*]
2018-12-14 14:43:29,300 [localhost-startStop-1] INFO  o.s.b.w.s.FilterRegistrationBean 256 - Mapping filter: 'webStatFilter' to urls: [/*]
2018-12-14 14:43:31,176 [main] INFO  o.s.w.s.m.m.a.RequestMappingHandlerAdapter 567 - Looking for @ControllerAdvice: org.springframework.boot.web.servlet.context.AnnotationConfigServletWebServerApplicationContext@f2ff811: startup date [Fri Dec 14 14:43:25 CST 2018]; root of context hierarchy
2018-12-14 14:43:31,305 [main] INFO  o.s.w.s.m.m.a.RequestMappingHandlerMapping 548 - Mapped "{[/getMapping/{id}],methods=[GET],consumes=[application/json],produces=[application/json;charset=UTF-8]}" onto public void com.cfygit.parent.controller.hello.getMapping(java.lang.Long)
2018-12-14 14:43:31,306 [main] INFO  o.s.w.s.m.m.a.RequestMappingHandlerMapping 548 - Mapped "{[/putMapping/{id}],methods=[PUT]}" onto public void com.cfygit.parent.controller.hello.putMapping(java.lang.Long)
2018-12-14 14:43:31,307 [main] INFO  o.s.w.s.m.m.a.RequestMappingHandlerMapping 548 - Mapped "{[/h/{id}],methods=[GET]}" onto public void com.cfygit.parent.controller.hello.sayHellow(java.lang.Long)
2018-12-14 14:43:31,307 [main] INFO  o.s.w.s.m.m.a.RequestMappingHandlerMapping 548 - Mapped "{[/postMapping/{id}],methods=[POST],consumes=[application/json],produces=[application/json;charset=UTF-8]}" onto public void com.cfygit.parent.controller.hello.postMapping(java.lang.Long)
2018-12-14 14:43:31,307 [main] INFO  o.s.w.s.m.m.a.RequestMappingHandlerMapping 548 - Mapped "{[/h]}" onto public java.lang.String com.cfygit.parent.controller.hello.sayHello()
2018-12-14 14:43:31,308 [main] INFO  o.s.w.s.m.m.a.RequestMappingHandlerMapping 548 - Mapped "{[/deleteMapping/{id}],methods=[DELETE]}" onto public void com.cfygit.parent.controller.hello.deleteMapping(java.lang.Long)
2018-12-14 14:43:31,308 [main] INFO  o.s.w.s.m.m.a.RequestMappingHandlerMapping 548 - Mapped "{[/patchMapping/{id}],methods=[PATCH]}" onto public void com.cfygit.parent.controller.hello.patchMapping(java.lang.Long)
2018-12-14 14:43:31,308 [main] INFO  o.s.w.s.m.m.a.RequestMappingHandlerMapping 548 - Mapped "{[/test/a.json],methods=[GET]}" onto public void com.cfygit.parent.controller.hello.GetMappingANT()
2018-12-14 14:43:31,309 [main] INFO  o.s.w.s.m.m.a.RequestMappingHandlerMapping 548 - Mapped "{[]}" onto public org.springframework.http.ResponseEntity<java.util.Map<java.lang.String, java.lang.Object>> com.cfygit.parent.exception.ErrorController.error(javax.servlet.http.HttpServletRequest)
2018-12-14 14:43:31,310 [main] INFO  o.s.w.s.m.m.a.RequestMappingHandlerMapping 548 - Mapped "{[],produces=[text/html]}" onto public org.springframework.web.servlet.ModelAndView com.cfygit.parent.exception.ErrorController.errorHtml(javax.servlet.http.HttpServletRequest,javax.servlet.http.HttpServletResponse) throws java.io.IOException
2018-12-14 14:43:31,400 [main] INFO  o.s.w.s.h.SimpleUrlHandlerMapping 373 - Mapped URL path [/webjars/**] onto handler of type [class org.springframework.web.servlet.resource.ResourceHttpRequestHandler]
2018-12-14 14:43:31,401 [main] INFO  o.s.w.s.h.SimpleUrlHandlerMapping 373 - Mapped URL path [/**] onto handler of type [class org.springframework.web.servlet.resource.ResourceHttpRequestHandler]
2018-12-14 14:43:31,488 [main] INFO  o.s.w.s.h.SimpleUrlHandlerMapping 373 - Mapped URL path [/**/favicon.ico] onto handler of type [class org.springframework.web.servlet.resource.ResourceHttpRequestHandler]
2018-12-14 14:43:31,990 [main] INFO  o.s.j.e.a.AnnotationMBeanExporter 434 - Registering beans for JMX exposure on startup
2018-12-14 14:43:31,991 [main] INFO  o.s.j.e.a.AnnotationMBeanExporter 896 - Bean with name 'dataSource' has been autodetected for JMX exposure
2018-12-14 14:43:31,998 [main] INFO  o.s.j.e.a.AnnotationMBeanExporter 669 - Located MBean 'dataSource': registering with JMX server as MBean [com.alibaba.druid.pool:name=dataSource,type=DruidDataSource]
2018-12-14 14:43:32,016 [main] INFO  o.a.coyote.http11.Http11NioProtocol 180 - Starting ProtocolHandler ["http-nio-8111"]
2018-12-14 14:43:32,037 [main] INFO  o.a.tomcat.util.net.NioSelectorPool 180 - Using a shared selector for servlet write/read
2018-12-14 14:43:32,080 [main] INFO  o.s.b.w.e.tomcat.TomcatWebServer 205 - Tomcat started on port(s): 8111 (http) with context path ''
2018-12-14 14:43:32,084 [main] INFO  com.cfygit.parent.ParentApplication 59 - Started ParentApplication in 9.718 seconds (JVM running for 12.758)
2018-12-14 14:44:30,763 [http-nio-8111-exec-1] INFO  o.a.c.c.C.[Tomcat].[localhost].[/] 180 - Initializing Spring FrameworkServlet 'dispatcherServlet'
2018-12-14 14:44:30,764 [http-nio-8111-exec-1] INFO  o.s.web.servlet.DispatcherServlet 494 - FrameworkServlet 'dispatcherServlet': initialization started
2018-12-14 14:44:30,812 [http-nio-8111-exec-1] INFO  o.s.web.servlet.DispatcherServlet 513 - FrameworkServlet 'dispatcherServlet': initialization completed in 48 ms
2018-12-14 14:44:30,920 [http-nio-8111-exec-1] INFO  com.cfygit.parent.aop.ReqAspect 56 - 执行方法前:127.0.0.1
2018-12-14 14:44:30,926 [http-nio-8111-exec-1] INFO  com.cfygit.parent.controller.hello 20 - ffz
2018-12-14 14:44:31,141 [http-nio-8111-exec-1] INFO  c.alibaba.druid.pool.DruidDataSource 106 - {dataSource-1} inited
2018-12-14 14:44:31,853 [http-nio-8111-exec-1] INFO  com.cfygit.parent.aop.ReqAspect 59 - 执行方法后:/h
2018-12-14 15:06:53,463 [main] INFO  com.cfygit.parent.ParentApplication 50 - Starting ParentApplication on ecitic-PC with PID 352736 (D:\wangyegithub\parent\target\classes started by ecitic in D:\wangyegithub\parent)
2018-12-14 15:06:53,471 [main] INFO  com.cfygit.parent.ParentApplication 652 - No active profile set, falling back to default profiles: default
2018-12-14 15:06:53,626 [main] INFO  o.s.b.w.s.c.AnnotationConfigServletWebServerApplicationContext 589 - Refreshing org.springframework.boot.web.servlet.context.AnnotationConfigServletWebServerApplicationContext@1f97cf0d: startup date [Fri Dec 14 15:06:53 CST 2018]; root of context hierarchy
2018-12-14 15:06:55,789 [main] INFO  o.s.b.w.e.tomcat.TomcatWebServer 91 - Tomcat initialized with port(s): 8111 (http)
2018-12-14 15:06:55,832 [main] INFO  o.a.coyote.http11.Http11NioProtocol 180 - Initializing ProtocolHandler ["http-nio-8111"]
2018-12-14 15:06:55,844 [main] INFO  o.a.catalina.core.StandardService 180 - Starting service [Tomcat]
2018-12-14 15:06:55,844 [main] INFO  o.a.catalina.core.StandardEngine 180 - Starting Servlet Engine: Apache Tomcat/8.5.28
2018-12-14 15:06:55,851 [localhost-startStop-1] INFO  o.a.c.core.AprLifecycleListener 180 - The APR based Apache Tomcat Native library which allows optimal performance in production environments was not found on the java.library.path: [D:\java\jdk1.8.0_92\bin;C:\Windows\Sun\Java\bin;C:\Windows\system32;C:\Windows;C:\Program Files\VanDyke Software\Clients\;D:\java\jdk1.8.0_92\bin;D:\java\jdk1.8.0_92\jre\bin;D:\Program Files\maven\apache-maven-3.3.9\bin;C:\Program Files (x86)\MySQL\MySQL Server 5.5\bin;C:\Program Files\TortoiseSVN\bin;c:\windows\system32;C:\Program Files (x86)\IDM Computer Solutions\UltraEdit;D:\Program Files\Git\cmd;D:\Program Files\maven\apache-maven-3.3.9\bin;D:\oracleclient\instantclient_12_2;C:\Windows;C:\Windows\system32\wbem;D:\erlang\erl10.0.1\bin;C:\Program Files (x86)\SSH Communications Security\SSH Secure Shell;.]
2018-12-14 15:06:56,014 [localhost-startStop-1] INFO  o.a.c.c.C.[Tomcat].[localhost].[/] 180 - Initializing Spring embedded WebApplicationContext
2018-12-14 15:06:56,015 [localhost-startStop-1] INFO  o.s.web.context.ContextLoader 285 - Root WebApplicationContext: initialization completed in 2389 ms
2018-12-14 15:06:56,314 [localhost-startStop-1] INFO  o.s.b.w.s.ServletRegistrationBean 185 - Servlet dispatcherServlet mapped to [/]
2018-12-14 15:06:56,317 [localhost-startStop-1] INFO  o.s.b.w.s.ServletRegistrationBean 185 - Servlet statViewServlet mapped to [/druid/*]
2018-12-14 15:06:56,321 [localhost-startStop-1] INFO  o.s.b.w.s.FilterRegistrationBean 243 - Mapping filter: 'characterEncodingFilter' to: [/*]
2018-12-14 15:06:56,321 [localhost-startStop-1] INFO  o.s.b.w.s.FilterRegistrationBean 243 - Mapping filter: 'hiddenHttpMethodFilter' to: [/*]
2018-12-14 15:06:56,321 [localhost-startStop-1] INFO  o.s.b.w.s.FilterRegistrationBean 243 - Mapping filter: 'httpPutFormContentFilter' to: [/*]
2018-12-14 15:06:56,322 [localhost-startStop-1] INFO  o.s.b.w.s.FilterRegistrationBean 243 - Mapping filter: 'requestContextFilter' to: [/*]
2018-12-14 15:06:56,322 [localhost-startStop-1] INFO  o.s.b.w.s.FilterRegistrationBean 256 - Mapping filter: 'webStatFilter' to urls: [/*]
2018-12-14 15:06:57,809 [main] INFO  o.s.w.s.m.m.a.RequestMappingHandlerAdapter 567 - Looking for @ControllerAdvice: org.springframework.boot.web.servlet.context.AnnotationConfigServletWebServerApplicationContext@1f97cf0d: startup date [Fri Dec 14 15:06:53 CST 2018]; root of context hierarchy
2018-12-14 15:06:57,917 [main] INFO  o.s.w.s.m.m.a.RequestMappingHandlerMapping 548 - Mapped "{[/getMapping/{id}],methods=[GET],consumes=[application/json],produces=[application/json;charset=UTF-8]}" onto public void com.cfygit.parent.controller.hello.getMapping(java.lang.Long)
2018-12-14 15:06:57,919 [main] INFO  o.s.w.s.m.m.a.RequestMappingHandlerMapping 548 - Mapped "{[/putMapping/{id}],methods=[PUT]}" onto public void com.cfygit.parent.controller.hello.putMapping(java.lang.Long)
2018-12-14 15:06:57,919 [main] INFO  o.s.w.s.m.m.a.RequestMappingHandlerMapping 548 - Mapped "{[/h/{id}],methods=[GET]}" onto public void com.cfygit.parent.controller.hello.sayHellow(java.lang.Long)
2018-12-14 15:06:57,920 [main] INFO  o.s.w.s.m.m.a.RequestMappingHandlerMapping 548 - Mapped "{[/postMapping/{id}],methods=[POST],consumes=[application/json],produces=[application/json;charset=UTF-8]}" onto public void com.cfygit.parent.controller.hello.postMapping(java.lang.Long)
2018-12-14 15:06:57,920 [main] INFO  o.s.w.s.m.m.a.RequestMappingHandlerMapping 548 - Mapped "{[/h]}" onto public java.lang.String com.cfygit.parent.controller.hello.sayHello()
2018-12-14 15:06:57,920 [main] INFO  o.s.w.s.m.m.a.RequestMappingHandlerMapping 548 - Mapped "{[/deleteMapping/{id}],methods=[DELETE]}" onto public void com.cfygit.parent.controller.hello.deleteMapping(java.lang.Long)
2018-12-14 15:06:57,921 [main] INFO  o.s.w.s.m.m.a.RequestMappingHandlerMapping 548 - Mapped "{[/patchMapping/{id}],methods=[PATCH]}" onto public void com.cfygit.parent.controller.hello.patchMapping(java.lang.Long)
2018-12-14 15:06:57,921 [main] INFO  o.s.w.s.m.m.a.RequestMappingHandlerMapping 548 - Mapped "{[/test/a.json],methods=[GET]}" onto public void com.cfygit.parent.controller.hello.GetMappingANT()
2018-12-14 15:06:57,922 [main] INFO  o.s.w.s.m.m.a.RequestMappingHandlerMapping 548 - Mapped "{[]}" onto public org.springframework.http.ResponseEntity<java.util.Map<java.lang.String, java.lang.Object>> com.cfygit.parent.exception.ErrorController.error(javax.servlet.http.HttpServletRequest)
2018-12-14 15:06:57,923 [main] INFO  o.s.w.s.m.m.a.RequestMappingHandlerMapping 548 - Mapped "{[],produces=[text/html]}" onto public org.springframework.web.servlet.ModelAndView com.cfygit.parent.exception.ErrorController.errorHtml(javax.servlet.http.HttpServletRequest,javax.servlet.http.HttpServletResponse) throws java.io.IOException
2018-12-14 15:06:57,997 [main] INFO  o.s.w.s.h.SimpleUrlHandlerMapping 373 - Mapped URL path [/webjars/**] onto handler of type [class org.springframework.web.servlet.resource.ResourceHttpRequestHandler]
2018-12-14 15:06:57,997 [main] INFO  o.s.w.s.h.SimpleUrlHandlerMapping 373 - Mapped URL path [/**] onto handler of type [class org.springframework.web.servlet.resource.ResourceHttpRequestHandler]
2018-12-14 15:06:58,071 [main] INFO  o.s.w.s.h.SimpleUrlHandlerMapping 373 - Mapped URL path [/**/favicon.ico] onto handler of type [class org.springframework.web.servlet.resource.ResourceHttpRequestHandler]
2018-12-14 15:06:58,545 [main] INFO  o.s.j.e.a.AnnotationMBeanExporter 434 - Registering beans for JMX exposure on startup
2018-12-14 15:06:58,547 [main] INFO  o.s.j.e.a.AnnotationMBeanExporter 896 - Bean with name 'dataSource' has been autodetected for JMX exposure
2018-12-14 15:06:58,555 [main] INFO  o.s.j.e.a.AnnotationMBeanExporter 669 - Located MBean 'dataSource': registering with JMX server as MBean [com.alibaba.druid.pool:name=dataSource,type=DruidDataSource]
2018-12-14 15:06:58,573 [main] INFO  o.a.coyote.http11.Http11NioProtocol 180 - Starting ProtocolHandler ["http-nio-8111"]
2018-12-14 15:06:58,591 [main] INFO  o.a.tomcat.util.net.NioSelectorPool 180 - Using a shared selector for servlet write/read
2018-12-14 15:06:58,613 [main] INFO  o.s.b.w.e.tomcat.TomcatWebServer 205 - Tomcat started on port(s): 8111 (http) with context path ''
2018-12-14 15:06:58,618 [main] INFO  com.cfygit.parent.ParentApplication 59 - Started ParentApplication in 6.197 seconds (JVM running for 8.197)
2018-12-14 15:07:10,024 [http-nio-8111-exec-1] INFO  o.a.c.c.C.[Tomcat].[localhost].[/] 180 - Initializing Spring FrameworkServlet 'dispatcherServlet'
2018-12-14 15:07:10,025 [http-nio-8111-exec-1] INFO  o.s.web.servlet.DispatcherServlet 494 - FrameworkServlet 'dispatcherServlet': initialization started
2018-12-14 15:07:10,065 [http-nio-8111-exec-1] INFO  o.s.web.servlet.DispatcherServlet 513 - FrameworkServlet 'dispatcherServlet': initialization completed in 40 ms
2018-12-14 15:07:10,120 [http-nio-8111-exec-1] INFO  com.cfygit.parent.aop.ReqAspect 56 - 执行方法前:127.0.0.1
2018-12-14 15:07:10,124 [http-nio-8111-exec-1] INFO  com.cfygit.parent.controller.hello 20 - ffz
2018-12-14 15:07:10,289 [http-nio-8111-exec-1] INFO  c.alibaba.druid.pool.DruidDataSource 106 - {dataSource-1} inited
2018-12-14 15:07:10,722 [http-nio-8111-exec-1] INFO  com.cfygit.parent.aop.ReqAspect 59 - 执行方法后:/h
2018-12-14 15:07:47,883 [main] INFO  com.cfygit.parent.ParentApplication 50 - Starting ParentApplication on ecitic-PC with PID 357632 (D:\wangyegithub\parent\target\classes started by ecitic in D:\wangyegithub\parent)
2018-12-14 15:07:47,891 [main] INFO  com.cfygit.parent.ParentApplication 652 - No active profile set, falling back to default profiles: default
2018-12-14 15:07:47,987 [main] INFO  o.s.b.w.s.c.AnnotationConfigServletWebServerApplicationContext 589 - Refreshing org.springframework.boot.web.servlet.context.AnnotationConfigServletWebServerApplicationContext@1018bde2: startup date [Fri Dec 14 15:07:47 CST 2018]; root of context hierarchy
2018-12-14 15:07:49,911 [main] INFO  o.s.b.w.e.tomcat.TomcatWebServer 91 - Tomcat initialized with port(s): 8111 (http)
2018-12-14 15:07:49,931 [main] INFO  o.a.coyote.http11.Http11NioProtocol 180 - Initializing ProtocolHandler ["http-nio-8111"]
2018-12-14 15:07:49,944 [main] INFO  o.a.catalina.core.StandardService 180 - Starting service [Tomcat]
2018-12-14 15:07:49,946 [main] INFO  o.a.catalina.core.StandardEngine 180 - Starting Servlet Engine: Apache Tomcat/8.5.28
2018-12-14 15:07:49,952 [localhost-startStop-1] INFO  o.a.c.core.AprLifecycleListener 180 - The APR based Apache Tomcat Native library which allows optimal performance in production environments was not found on the java.library.path: [D:\java\jdk1.8.0_92\bin;C:\Windows\Sun\Java\bin;C:\Windows\system32;C:\Windows;C:\Program Files\VanDyke Software\Clients\;D:\java\jdk1.8.0_92\bin;D:\java\jdk1.8.0_92\jre\bin;D:\Program Files\maven\apache-maven-3.3.9\bin;C:\Program Files (x86)\MySQL\MySQL Server 5.5\bin;C:\Program Files\TortoiseSVN\bin;c:\windows\system32;C:\Program Files (x86)\IDM Computer Solutions\UltraEdit;D:\Program Files\Git\cmd;D:\Program Files\maven\apache-maven-3.3.9\bin;D:\oracleclient\instantclient_12_2;C:\Windows;C:\Windows\system32\wbem;D:\erlang\erl10.0.1\bin;C:\Program Files (x86)\SSH Communications Security\SSH Secure Shell;.]
2018-12-14 15:07:50,149 [localhost-startStop-1] INFO  o.a.c.c.C.[Tomcat].[localhost].[/] 180 - Initializing Spring embedded WebApplicationContext
2018-12-14 15:07:50,150 [localhost-startStop-1] INFO  o.s.web.context.ContextLoader 285 - Root WebApplicationContext: initialization completed in 2163 ms
2018-12-14 15:07:50,467 [localhost-startStop-1] INFO  o.s.b.w.s.ServletRegistrationBean 185 - Servlet dispatcherServlet mapped to [/]
2018-12-14 15:07:50,469 [localhost-startStop-1] INFO  o.s.b.w.s.ServletRegistrationBean 185 - Servlet statViewServlet mapped to [/druid/*]
2018-12-14 15:07:50,475 [localhost-startStop-1] INFO  o.s.b.w.s.FilterRegistrationBean 243 - Mapping filter: 'characterEncodingFilter' to: [/*]
2018-12-14 15:07:50,476 [localhost-startStop-1] INFO  o.s.b.w.s.FilterRegistrationBean 243 - Mapping filter: 'hiddenHttpMethodFilter' to: [/*]
2018-12-14 15:07:50,476 [localhost-startStop-1] INFO  o.s.b.w.s.FilterRegistrationBean 243 - Mapping filter: 'httpPutFormContentFilter' to: [/*]
2018-12-14 15:07:50,477 [localhost-startStop-1] INFO  o.s.b.w.s.FilterRegistrationBean 243 - Mapping filter: 'requestContextFilter' to: [/*]
2018-12-14 15:07:50,477 [localhost-startStop-1] INFO  o.s.b.w.s.FilterRegistrationBean 256 - Mapping filter: 'webStatFilter' to urls: [/*]
2018-12-14 15:07:51,766 [main] INFO  o.s.w.s.m.m.a.RequestMappingHandlerAdapter 567 - Looking for @ControllerAdvice: org.springframework.boot.web.servlet.context.AnnotationConfigServletWebServerApplicationContext@1018bde2: startup date [Fri Dec 14 15:07:47 CST 2018]; root of context hierarchy
2018-12-14 15:07:51,866 [main] INFO  o.s.w.s.m.m.a.RequestMappingHandlerMapping 548 - Mapped "{[/getMapping/{id}],methods=[GET],consumes=[application/json],produces=[application/json;charset=UTF-8]}" onto public void com.cfygit.parent.controller.hello.getMapping(java.lang.Long)
2018-12-14 15:07:51,868 [main] INFO  o.s.w.s.m.m.a.RequestMappingHandlerMapping 548 - Mapped "{[/putMapping/{id}],methods=[PUT]}" onto public void com.cfygit.parent.controller.hello.putMapping(java.lang.Long)
2018-12-14 15:07:51,868 [main] INFO  o.s.w.s.m.m.a.RequestMappingHandlerMapping 548 - Mapped "{[/h/{id}],methods=[GET]}" onto public void com.cfygit.parent.controller.hello.sayHellow(java.lang.Long)
2018-12-14 15:07:51,868 [main] INFO  o.s.w.s.m.m.a.RequestMappingHandlerMapping 548 - Mapped "{[/postMapping/{id}],methods=[POST],consumes=[application/json],produces=[application/json;charset=UTF-8]}" onto public void com.cfygit.parent.controller.hello.postMapping(java.lang.Long)
2018-12-14 15:07:51,869 [main] INFO  o.s.w.s.m.m.a.RequestMappingHandlerMapping 548 - Mapped "{[/h]}" onto public java.lang.String com.cfygit.parent.controller.hello.sayHello()
2018-12-14 15:07:51,869 [main] INFO  o.s.w.s.m.m.a.RequestMappingHandlerMapping 548 - Mapped "{[/deleteMapping/{id}],methods=[DELETE]}" onto public void com.cfygit.parent.controller.hello.deleteMapping(java.lang.Long)
2018-12-14 15:07:51,869 [main] INFO  o.s.w.s.m.m.a.RequestMappingHandlerMapping 548 - Mapped "{[/patchMapping/{id}],methods=[PATCH]}" onto public void com.cfygit.parent.controller.hello.patchMapping(java.lang.Long)
2018-12-14 15:07:51,870 [main] INFO  o.s.w.s.m.m.a.RequestMappingHandlerMapping 548 - Mapped "{[/test/a.json],methods=[GET]}" onto public void com.cfygit.parent.controller.hello.GetMappingANT()
2018-12-14 15:07:51,871 [main] INFO  o.s.w.s.m.m.a.RequestMappingHandlerMapping 548 - Mapped "{[]}" onto public org.springframework.http.ResponseEntity<java.util.Map<java.lang.String, java.lang.Object>> com.cfygit.parent.exception.ErrorController.error(javax.servlet.http.HttpServletRequest)
2018-12-14 15:07:51,871 [main] INFO  o.s.w.s.m.m.a.RequestMappingHandlerMapping 548 - Mapped "{[],produces=[text/html]}" onto public org.springframework.web.servlet.ModelAndView com.cfygit.parent.exception.ErrorController.errorHtml(javax.servlet.http.HttpServletRequest,javax.servlet.http.HttpServletResponse) throws java.io.IOException
2018-12-14 15:07:51,941 [main] INFO  o.s.w.s.h.SimpleUrlHandlerMapping 373 - Mapped URL path [/webjars/**] onto handler of type [class org.springframework.web.servlet.resource.ResourceHttpRequestHandler]
2018-12-14 15:07:51,941 [main] INFO  o.s.w.s.h.SimpleUrlHandlerMapping 373 - Mapped URL path [/**] onto handler of type [class org.springframework.web.servlet.resource.ResourceHttpRequestHandler]
2018-12-14 15:07:52,009 [main] INFO  o.s.w.s.h.SimpleUrlHandlerMapping 373 - Mapped URL path [/**/favicon.ico] onto handler of type [class org.springframework.web.servlet.resource.ResourceHttpRequestHandler]
2018-12-14 15:07:52,448 [main] INFO  o.s.j.e.a.AnnotationMBeanExporter 434 - Registering beans for JMX exposure on startup
2018-12-14 15:07:52,467 [main] INFO  o.s.j.e.a.AnnotationMBeanExporter 896 - Bean with name 'dataSource' has been autodetected for JMX exposure
2018-12-14 15:07:52,477 [main] INFO  o.s.j.e.a.AnnotationMBeanExporter 669 - Located MBean 'dataSource': registering with JMX server as MBean [com.alibaba.druid.pool:name=dataSource,type=DruidDataSource]
2018-12-14 15:07:52,493 [main] INFO  o.a.coyote.http11.Http11NioProtocol 180 - Starting ProtocolHandler ["http-nio-8111"]
2018-12-14 15:07:52,512 [main] INFO  o.a.tomcat.util.net.NioSelectorPool 180 - Using a shared selector for servlet write/read
2018-12-14 15:07:52,534 [main] INFO  o.s.b.w.e.tomcat.TomcatWebServer 205 - Tomcat started on port(s): 8111 (http) with context path ''
2018-12-14 15:07:52,539 [main] INFO  com.cfygit.parent.ParentApplication 59 - Started ParentApplication in 5.929 seconds (JVM running for 7.28)
2018-12-14 15:09:53,314 [http-nio-8111-exec-1] INFO  o.a.c.c.C.[Tomcat].[localhost].[/] 180 - Initializing Spring FrameworkServlet 'dispatcherServlet'
2018-12-14 15:09:53,315 [http-nio-8111-exec-1] INFO  o.s.web.servlet.DispatcherServlet 494 - FrameworkServlet 'dispatcherServlet': initialization started
2018-12-14 15:09:53,353 [http-nio-8111-exec-1] INFO  o.s.web.servlet.DispatcherServlet 513 - FrameworkServlet 'dispatcherServlet': initialization completed in 38 ms
2018-12-14 15:09:53,401 [http-nio-8111-exec-1] INFO  com.cfygit.parent.aop.ReqAspect 56 - 执行方法前:127.0.0.1
2018-12-14 15:09:53,406 [http-nio-8111-exec-1] INFO  com.cfygit.parent.controller.hello 20 - ffz
2018-12-14 15:09:53,528 [http-nio-8111-exec-1] INFO  c.alibaba.druid.pool.DruidDataSource 106 - {dataSource-1} inited
2018-12-14 15:09:54,000 [http-nio-8111-exec-1] INFO  c.cfygit.parent.service.helloService 31 - [{"creatTime":1544696672000,"id":5,"name":"5","updateTime":1544696675000},{"creatTime":1544696666000,"id":4,"name":"4","updateTime":1544696668000}]
2018-12-14 15:09:54,001 [http-nio-8111-exec-1] INFO  com.cfygit.parent.aop.ReqAspect 59 - 执行方法后:/h
